0 info it worked if it ends with ok
1 verbose cli [ '/usr/local/bin/node',
1 verbose cli   '/usr/local/bin/npm',
1 verbose cli   'dist-tag',
1 verbose cli   'add',
1 verbose cli   'npmpractice@1.0.2' ]
2 info using npm@3.9.2
3 info using node@v6.1.0
4 verbose dist-tag add latest to npmpractice@1.0.2
5 silly mapToRegistry name npmpractice
6 silly mapToRegistry using default registry
7 silly mapToRegistry registry http://localhost:15443/
8 silly mapToRegistry data Result {
8 silly mapToRegistry   raw: 'npmpractice',
8 silly mapToRegistry   scope: null,
8 silly mapToRegistry   name: 'npmpractice',
8 silly mapToRegistry   rawSpec: '',
8 silly mapToRegistry   spec: 'latest',
8 silly mapToRegistry   type: 'tag' }
9 silly mapToRegistry uri http://localhost:15443/npmpractice
10 verbose request uri http://localhost:15443/-/package/npmpractice/dist-tags
11 verbose request no auth needed
12 info attempt registry request try #1 at 11:48:53 AM
13 verbose request id 9f3295e2bcf323f1
14 http request GET http://localhost:15443/-/package/npmpractice/dist-tags
15 http 404 http://localhost:15443/-/package/npmpractice/dist-tags
16 verbose headers { 'content-type': 'application/json',
16 verbose headers   date: 'Sun, 22 May 2016 18:48:53 GMT',
16 verbose headers   connection: 'keep-alive',
16 verbose headers   'content-length': '19' }
17 verbose stack Error: missing : -/package/npmpractice/dist-tags
17 verbose stack     at makeError (/usr/local/lib/node_modules/npm/node_modules/npm-registry-client/lib/request.js:264:12)
17 verbose stack     at CachingRegistryClient.<anonymous> (/usr/local/lib/node_modules/npm/node_modules/npm-registry-client/lib/request.js:252:14)
17 verbose stack     at Request._callback (/usr/local/lib/node_modules/npm/node_modules/npm-registry-client/lib/request.js:172:14)
17 verbose stack     at Request.self.callback (/usr/local/lib/node_modules/npm/node_modules/request/request.js:200:22)
17 verbose stack     at emitTwo (events.js:106:13)
17 verbose stack     at Request.emit (events.js:191:7)
17 verbose stack     at Request.<anonymous> (/usr/local/lib/node_modules/npm/node_modules/request/request.js:1067:10)
17 verbose stack     at emitOne (events.js:101:20)
17 verbose stack     at Request.emit (events.js:188:7)
17 verbose stack     at IncomingMessage.<anonymous> (/usr/local/lib/node_modules/npm/node_modules/request/request.js:988:12)
18 verbose statusCode 404
19 verbose cwd /Users/kingofzamunda/Documents/npmpractice
20 error Darwin 15.4.0
21 error argv "/usr/local/bin/node" "/usr/local/bin/npm" "dist-tag" "add" "npmpractice@1.0.2"
22 error node v6.1.0
23 error npm  v3.9.2
24 error code E404
25 error 404 missing : -/package/npmpractice/dist-tags
26 verbose exit [ 1, true ]
